<?xml version="1.0" encoding="UTF-8"?>
<!-- Generated by org.testng.reporters.JUnitXMLReporter -->
<testsuite hostname="SaiShivani" ignored="0" name="Test" tests="6" failures="0" timestamp="2023-04-15T22:36:22 IST" time="0.109" errors="0">
  <testcase name="Test11" time="0.016" classname="Com.Hexa.classA9"/>
  <testcase name="Test24" time="0.016" classname="Com.Hexa.classA10"/>
  <testcase name="Test13" time="0.015" classname="Com.Hexa.classA9"/>
  <testcase name="Test22" time="0.015" classname="Com.Hexa.classA10"/>
  <testcase name="Test12" time="0.014" classname="Com.Hexa.classA9"/>
  <testcase name="Test23" time="0.022" classname="Com.Hexa.classA10"/>
</testsuite> <!-- Test -->
